This is pdfTeX, Version 3.14159265-2.6-1.40.21 (MiKTeX 20.11 32-bit) (preloaded format=pdflatex 2021.2.27)  14 JUL 2021 15:28
entering extended mode
**./resumen_braile.tex
(resumen_braile.tex
LaTeX2e <2020-10-01> patch level 2
L3 programming layer <2020-10-27> xparse <2020-03-03>
("C:\Users\JUAN DAVID\AppData\Local\Programs\MiKTeX\tex/latex/base\article.cls"
Document Class: article 2020/04/10 v1.4m Standard LaTeX document class
("C:\Users\JUAN DAVID\AppData\Local\Programs\MiKTeX\tex/latex/base\size10.clo"
File: size10.clo 2020/04/10 v1.4m Standard LaTeX file (size option)
)
\c@part=\count175
\c@section=\count176
\c@subsection=\count177
\c@subsubsection=\count178
\c@paragraph=\count179
\c@subparagraph=\count180
\c@figure=\count181
\c@table=\count182
\abovecaptionskip=\skip47
\belowcaptionskip=\skip48
\bibindent=\dimen138
)
("C:\Users\JUAN DAVID\AppData\Local\Programs\MiKTeX\tex/generic/babel\babel.sty
"
Package: babel 2020/10/27 3.51 The Babel package

("C:\Users\JUAN DAVID\AppData\Local\Programs\MiKTeX\tex/generic/babel\babel.def
"
File: babel.def 2020/10/27 3.51 Babel common definitions
\babel@savecnt=\count183
\U@D=\dimen139
\l@babelnohyphens=\language79

("C:\Users\JUAN DAVID\AppData\Local\Programs\MiKTeX\tex/generic/babel\txtbabel.
def")
\bbl@readstream=\read2
)
\bbl@dirlevel=\count184

*************************************
* Local config file bblopts.cfg used
*
("C:\Users\JUAN DAVID\AppData\Local\Programs\MiKTeX\tex/latex/arabi\bblopts.cfg
"
File: bblopts.cfg 2005/09/08 v0.1 add Arabic and Farsi to "declared" options of
 babel
)
("C:\Users\JUAN DAVID\AppData\Local\Programs\MiKTeX\tex/latex/babel-spanish\spa
nish.ldf"
Language: spanish.ldf 2016/03/03 v5.0p Spanish support from the babel system
\es@quottoks=\toks15
\es@quotdepth=\count185
Package babel Info: Making " an active character on input line 561.
Package babel Info: Making . an active character on input line 662.
Package babel Info: Making < an active character on input line 707.
Package babel Info: Making > an active character on input line 707.
))
("C:\Users\JUAN DAVID\AppData\Local\Programs\MiKTeX\tex/latex/base\inputenc.sty
"
Package: inputenc 2020/08/01 v1.3d Input encoding file
\inpenc@prehook=\toks16
\inpenc@posthook=\toks17
)
("C:\Users\JUAN DAVID\AppData\Local\Programs\MiKTeX\tex/latex/base\fontenc.sty"
Package: fontenc 2020/08/10 v2.0s Standard LaTeX package
)
("C:\Users\JUAN DAVID\AppData\Local\Programs\MiKTeX\tex/latex/preprint\fullpage
.sty"
Package: fullpage 1999/02/23 1.1 (PWD)
\FP@margin=\skip49
)
("C:\Users\JUAN DAVID\AppData\Local\Programs\MiKTeX\tex/latex/braille\braille.s
ty"
Package: braille 
\brailleunit=\skip50
)
("C:\Users\JUAN DAVID\AppData\Local\Programs\MiKTeX\tex/latex/geometry\geometry
.sty"
Package: geometry 2020/01/02 v5.9 Page Geometry

("C:\Users\JUAN DAVID\AppData\Local\Programs\MiKTeX\tex/latex/graphics\keyval.s
ty"
Package: keyval 2014/10/28 v1.15 key=value parser (DPC)
\KV@toks@=\toks18
)
("C:\Users\JUAN DAVID\AppData\Local\Programs\MiKTeX\tex/generic/iftex\ifvtex.st
y"
Package: ifvtex 2019/10/25 v1.7 ifvtex legacy package. Use iftex instead.

("C:\Users\JUAN DAVID\AppData\Local\Programs\MiKTeX\tex/generic/iftex\iftex.sty
"
Package: iftex 2020/03/06 v1.0d TeX engine tests
))
\Gm@cnth=\count186
\Gm@cntv=\count187
\c@Gm@tempcnt=\count188
\Gm@bindingoffset=\dimen140
\Gm@wd@mp=\dimen141
\Gm@odd@mp=\dimen142
\Gm@even@mp=\dimen143
\Gm@layoutwidth=\dimen144
\Gm@layoutheight=\dimen145
\Gm@layouthoffset=\dimen146
\Gm@layoutvoffset=\dimen147
\Gm@dimlist=\toks19

("C:\Users\JUAN DAVID\AppData\Local\Programs\MiKTeX\tex/latex/geometry\geometry
.cfg"))
("C:\Users\JUAN DAVID\AppData\Local\Programs\MiKTeX\tex/latex/l3backend\l3backe
nd-pdftex.def"
File: l3backend-pdftex.def 2020-09-24 L3 backend support: PDF output (pdfTeX)
\l__kernel_color_stack_int=\count189
\l__pdf_internal_box=\box47
) (resumen_braile.aux
LaTeX Info: Redefining \. on input line 8.
LaTeX Info: Redefining \% on input line 8.
)
\openout1 = `resumen_braile.aux'.

LaTeX Font Info:    Checking defaults for OML/cmm/m/it on input line 47.
LaTeX Font Info:    ... okay on input line 47.
LaTeX Font Info:    Checking defaults for OMS/cmsy/m/n on input line 47.
LaTeX Font Info:    ... okay on input line 47.
LaTeX Font Info:    Checking defaults for OT1/cmr/m/n on input line 47.
LaTeX Font Info:    ... okay on input line 47.
LaTeX Font Info:    Checking defaults for T1/cmr/m/n on input line 47.
LaTeX Font Info:    ... okay on input line 47.
LaTeX Font Info:    Checking defaults for TS1/cmr/m/n on input line 47.
LaTeX Font Info:    ... okay on input line 47.
LaTeX Font Info:    Checking defaults for OMX/cmex/m/n on input line 47.
LaTeX Font Info:    ... okay on input line 47.
LaTeX Font Info:    Checking defaults for U/cmr/m/n on input line 47.
LaTeX Font Info:    ... okay on input line 47.
LaTeX Info: Redefining \. on input line 47.
LaTeX Info: Redefining \% on input line 47.

*geometry* driver: auto-detecting
*geometry* detected driver: pdftex
*geometry* verbose mode - [ preamble ] result:
* driver: pdftex
* paper: <default>
* layout: <same size as paper>
* layoutoffset:(h,v)=(0.0pt,0.0pt)
* modes: 
* h-part:(L,W,R)=(72.2698pt, 469.75539pt, 72.2698pt)
* v-part:(T,H,B)=(72.2698pt, 650.43037pt, 72.2698pt)
* \paperwidth=614.295pt
* \paperheight=794.96999pt
* \textwidth=469.75539pt
* \textheight=650.43037pt
* \oddsidemargin=-0.00018pt
* \evensidemargin=-0.00018pt
* \topmargin=-0.00018pt
* \headheight=0.0pt
* \headsep=0.0pt
* \topskip=10.0pt
* \footskip=30.0pt
* \marginparwidth=65.0pt
* \marginparsep=11.0pt
* \columnsep=10.0pt
* \skip\footins=9.0pt plus 4.0pt minus 2.0pt
* \hoffset=0.0pt
* \voffset=0.0pt
* \mag=1000
* \@twocolumnfalse
* \@twosidefalse
* \@mparswitchfalse
* \@reversemarginfalse
* (1in=72.27pt=25.4mm, 1cm=28.453pt)

LaTeX Font Info:    External font `cmex10' loaded for size
(Font)              <17.28> on input line 49.
LaTeX Font Info:    External font `cmex10' loaded for size
(Font)              <12> on input line 49.
LaTeX Font Info:    External font `cmex10' loaded for size
(Font)              <8> on input line 49.
LaTeX Font Info:    External font `cmex10' loaded for size
(Font)              <6> on input line 49.
(resumen_braile.toc
LaTeX Info: Redefining \. on input line 1.
LaTeX Info: Redefining \% on input line 1.
LaTeX Font Info:    External font `cmex10' loaded for size
(Font)              <7> on input line 3.
LaTeX Font Info:    External font `cmex10' loaded for size
(Font)              <5> on input line 3.
)
\tf@toc=\write3
\openout3 = `resumen_braile.toc'.

LaTeX Font Info:    Trying to load font information for T1+cmtt on input line 1
00.

("C:\Users\JUAN DAVID\AppData\Local\Programs\MiKTeX\tex/latex/base\t1cmtt.fd"
File: t1cmtt.fd 2019/12/16 v2.5j Standard LaTeX font definitions
)
[1

{C:/Users/JUAN DAVID/AppData/Local/MiKTeX/pdftex/config/pdftex.map}] [2]
[3] (resumen_braile.aux
LaTeX Info: Redefining \. on input line 8.
LaTeX Info: Redefining \% on input line 8.
) ) 
Here is how much of TeX's memory you used:
 2730 strings out of 479798
 39287 string characters out of 2867292
 353934 words of memory out of 3000000
 19730 multiletter control sequences out of 15000+200000
 545207 words of font info for 50 fonts, out of 3000000 for 9000
 1141 hyphenation exceptions out of 8191
 66i,12n,72p,201b,361s stack positions out of 5000i,500n,10000p,200000b,50000s
{C:/Users/JUAN DAVID/AppData/Local/Programs/MiKTeX/fonts/enc/dvips/cm-super/
cm-super-t1.enc}<C:/Users/JUAN DAVID/AppData/Local/Programs/MiKTeX/fonts/type1/
public/amsfonts/cm/cmmi10.pfb><C:/Users/JUAN DAVID/AppData/Local/Programs/MiKTe
X/fonts/type1/public/amsfonts/cm/cmr10.pfb><C:/Users/JUAN DAVID/AppData/Local/P
rograms/MiKTeX/fonts/type1/public/amsfonts/cm/cmsy10.pfb><C:/Users/JUAN DAVID/A
ppData/Local/Programs/MiKTeX/fonts/type1/public/amsfonts/latxfont/lcircle1.pfb>
<C:/Users/JUAN DAVID/AppData/Local/Programs/MiKTeX/fonts/type1/public/cm-super/
sfbx1000.pfb><C:/Users/JUAN DAVID/AppData/Local/Programs/MiKTeX/fonts/type1/pub
lic/cm-super/sfbx1200.pfb><C:/Users/JUAN DAVID/AppData/Local/Programs/MiKTeX/fo
nts/type1/public/cm-super/sfbx1440.pfb><C:/Users/JUAN DAVID/AppData/Local/Progr
ams/MiKTeX/fonts/type1/public/cm-super/sfrm0500.pfb><C:/Users/JUAN DAVID/AppDat
a/Local/Programs/MiKTeX/fonts/type1/public/cm-super/sfrm1000.pfb><C:/Users/JUAN
 DAVID/AppData/Local/Programs/MiKTeX/fonts/type1/public/cm-super/sfrm1200.pfb><
C:/Users/JUAN DAVID/AppData/Local/Programs/MiKTeX/fonts/type1/public/cm-super/s
frm1728.pfb><C:/Users/JUAN DAVID/AppData/Local/Programs/MiKTeX/fonts/type1/publ
ic/cm-super/sftt1000.pfb>
Output written on resumen_braile.pdf (3 pages, 163462 bytes).
PDF statistics:
 61 PDF objects out of 1000 (max. 8388607)
 0 named destinations out of 1000 (max. 500000)
 1 words of extra memory for PDF output out of 10000 (max. 10000000)

